mode: atomic
github.com/lee212400/myProject/interface/presenter/user.go:12.40,14.2 1 4
github.com/lee212400/myProject/interface/presenter/user.go:16.87,27.2 2 1
github.com/lee212400/myProject/interface/presenter/user.go:28.93,39.2 2 1
github.com/lee212400/myProject/interface/presenter/user.go:40.93,51.2 2 1
github.com/lee212400/myProject/interface/presenter/user.go:52.93,55.2 2 1
github.com/lee212400/myProject/interface/controller/user.go:18.73,22.2 1 4
github.com/lee212400/myProject/interface/controller/user.go:24.84,26.55 2 3
github.com/lee212400/myProject/interface/controller/user.go:26.55,28.3 1 1
github.com/lee212400/myProject/interface/controller/user.go:30.2,33.38 2 2
github.com/lee212400/myProject/interface/controller/user.go:35.90,36.55 1 3
github.com/lee212400/myProject/interface/controller/user.go:36.55,38.3 1 1
github.com/lee212400/myProject/interface/controller/user.go:40.2,48.41 2 2
github.com/lee212400/myProject/interface/controller/user.go:50.90,51.55 1 4
github.com/lee212400/myProject/interface/controller/user.go:51.55,53.3 1 2
github.com/lee212400/myProject/interface/controller/user.go:55.2,59.41 2 2
github.com/lee212400/myProject/interface/controller/user.go:61.90,62.55 1 3
github.com/lee212400/myProject/interface/controller/user.go:62.55,64.3 1 1
github.com/lee212400/myProject/interface/controller/user.go:66.2,69.41 2 2
