mode: atomic
github.com/lee212400/myProject/interface/presenter/user.go:12.40,14.2 1 4
github.com/lee212400/myProject/interface/presenter/user.go:16.87,27.2 2 1
github.com/lee212400/myProject/interface/presenter/user.go:28.93,39.2 2 1
github.com/lee212400/myProject/interface/presenter/user.go:40.93,51.2 2 1
github.com/lee212400/myProject/interface/presenter/user.go:52.93,55.2 2 1
github.com/lee212400/myProject/interface/controller/user.go:18.73,22.2 1 4
github.com/lee212400/myProject/interface/controller/user.go:24.84,26.55 2 3
github.com/lee212400/myProject/interface/controller/user.go:26.55,28.3 1 1
github.com/lee212400/myProject/interface/controller/user.go:30.2,33.38 2 2
github.com/lee212400/myProject/interface/controller/user.go:35.90,36.55 1 3
github.com/lee212400/myProject/interface/controller/user.go:36.55,38.3 1 1
github.com/lee212400/myProject/interface/controller/user.go:40.2,48.41 2 2
github.com/lee212400/myProject/interface/controller/user.go:50.90,51.55 1 4
github.com/lee212400/myProject/interface/controller/user.go:51.55,53.3 1 2
github.com/lee212400/myProject/interface/controller/user.go:55.2,59.41 2 2
github.com/lee212400/myProject/interface/controller/user.go:61.90,62.55 1 3
github.com/lee212400/myProject/interface/controller/user.go:62.55,64.3 1 1
github.com/lee212400/myProject/interface/controller/user.go:66.2,69.41 2 2
github.com/lee212400/myProject/usecase/user_interactor.go:17.165,23.2 1 14
github.com/lee212400/myProject/usecase/user_interactor.go:25.92,29.16 4 3
github.com/lee212400/myProject/usecase/user_interactor.go:29.16,31.3 1 1
github.com/lee212400/myProject/usecase/user_interactor.go:33.2,37.8 2 2
github.com/lee212400/myProject/usecase/user_interactor.go:39.98,43.16 4 4
github.com/lee212400/myProject/usecase/user_interactor.go:43.16,45.3 1 1
github.com/lee212400/myProject/usecase/user_interactor.go:47.2,48.16 2 3
github.com/lee212400/myProject/usecase/user_interactor.go:48.16,50.3 1 1
github.com/lee212400/myProject/usecase/user_interactor.go:52.2,56.8 2 2
github.com/lee212400/myProject/usecase/user_interactor.go:58.98,62.16 3 4
github.com/lee212400/myProject/usecase/user_interactor.go:62.16,64.3 1 1
github.com/lee212400/myProject/usecase/user_interactor.go:66.2,67.16 2 3
github.com/lee212400/myProject/usecase/user_interactor.go:67.16,69.3 1 1
github.com/lee212400/myProject/usecase/user_interactor.go:71.2,75.8 2 2
github.com/lee212400/myProject/usecase/user_interactor.go:77.98,81.16 3 3
github.com/lee212400/myProject/usecase/user_interactor.go:81.16,83.3 1 1
github.com/lee212400/myProject/usecase/user_interactor.go:85.2,87.8 2 2
